2 2
1 1
0 1
1 1
2 2
0 1
1 1
0 1
4 2
2 1
3 1
5 4
4 2
4 2
3 1
4 2
3 1
2 1
2 1
3 2
2 1
3 1
4 2
2 1
3 2
4 2
3 1
6 4
5 1
4 1
5 3
6 4
4 1
57 29
328 92408608
372 1
203 348033300
286 948926203
357 257189641
387 485205437
335 275251808
243 1
233 160204352
305 548151083
317 92774386
85 109182901
155 967453793
326 853146299
146 540361716
6 4
135 388204424
200 569191415
349 15138
163 268396770
319 805686764
197 463362402
335 482719213
181 36289224
238 69920827
343 204508573
172 426399797
25 72
181 43864128
307 332807849
129 428921005
153 923924627
285 15075542
131 420507355
189 95
100 1
199 161700
98 50
370 610992424
49 1
131 45760
107 855276362
372 321145699
49 312
184 836350701
190 914166238
349 461362233
281 586430584
248 604022222
124 650610947
256 56482739
60 1
140 251061262
299 130929408
302 511823778
256 114143789
210 91408620
206 73932025
248 521080844
324 704759118
193 309874994
144 531180617
269 836435631
260 399454284
172 514607013
184 620177368
